
> blood-bullet@0.0.0 deploy /home/spandan/Projects/blood-bullet
> pnpm build && gh-pages -d dist


> blood-bullet@0.0.0 build /home/spandan/Projects/blood-bullet
> run-p type-check "build-only {@}" --


> blood-bullet@0.0.0 type-check /home/spandan/Projects/blood-bullet
> vue-tsc --build


> blood-bullet@0.0.0 build-only /home/spandan/Projects/blood-bullet
> vite build

vite v7.1.12 building for production...
transforming...
✓ 101 modules transformed.
rendering chunks...
computing gzip size...
dist/index.html                   0.61 kB │ gzip:  0.34 kB
dist/assets/icon-40lUQfC5.png    11.13 kB
dist/assets/index-CH_piQWh.css    7.22 kB │ gzip:  1.73 kB
dist/assets/index-BFlx_COj.js   243.99 kB │ gzip: 86.51 kB
✓ built in 1.49s
src/components/modals/PaletteSelectorModal.vue(163,73): error TS2532: Object is possibly 'undefined'.
src/components/modals/PaletteSelectorModal.vue(195,29): error TS18048: '__VLS_ctx.selectedPalette' is possibly 'undefined'.
src/components/modals/PaletteSelectorModal.vue(230,29): error TS18048: '__VLS_ctx.selectedPalette' is possibly 'undefined'.
src/components/modals/PaletteSelectorModal.vue(240,29): error TS18048: '__VLS_ctx.selectedPalette' is possibly 'undefined'.
src/components/modals/PaletteSelectorModal.vue(249,29): error TS18048: '__VLS_ctx.selectedPalette' is possibly 'undefined'.
src/components/modals/PaletteSelectorModal.vue(258,29): error TS18048: '__VLS_ctx.selectedPalette' is possibly 'undefined'.
src/components/modals/PaletteSelectorModal.vue(262,29): error TS18048: '__VLS_ctx.selectedPalette' is possibly 'undefined'.
src/components/subviews/AsideMenu.vue(34,23): error TS7016: Could not find a declaration file for module '../modals/InfoModal.vue'. '/home/spandan/Projects/blood-bullet/src/components/modals/InfoModal.vue' implicitly has an 'any' type.
src/components/subviews/AsideMenu.vue(77,9): error TS2322: Type '{ title: string; body: string; } | undefined' is not assignable to type '{ title: string; body: string; } | null'.
  Type 'undefined' is not assignable to type '{ title: string; body: string; } | null'.
src/views/Home.vue(3,34): error TS2322: Type 'string' is not assignable to type 'Record<string, any>'.
 ELIFECYCLE  Command failed with exit code 2.
ERROR: "type-check" exited with 2.
 ELIFECYCLE  Command failed with exit code 1.
 ELIFECYCLE  Command failed with exit code 1.
